<?xml version="1.0" encoding="UTF-8"?>
<!-- Generated by org.testng.reporters.JUnitReportReporter -->
<testsuite skipped="0" hostname="RIPLBRD49" name="com.rangam.SourceVets.TestCases.VeteranProfileTest" tests="2" failures="0" timestamp="08 Jun 2017 12:01:11 GMT" time="14.817" errors="0">
  <testcase name="veteranProfileTestMandatoryFieldRequiredAlertMessageVerification" time="5.684" classname="com.rangam.SourceVets.TestCases.VeteranProfileTest"/>
  <testcase name="goToCarrerInterestTab" time="9.133" classname="com.rangam.SourceVets.TestCases.VeteranProfileTest"/>
</testsuite> <!-- com.rangam.SourceVets.TestCases.VeteranProfileTest -->
